# JRE version: OpenJDK Runtime Environment JBR-11.0.10.9-1341.41-dcevm (11.0.10+9) (build 11.0.10+9-b1341.41)
# Java VM: Dynamic Code Evolution 64-Bit Server VM JBR-11.0.10.9-1341.41-dcevm (11.0.10+9-b1341.41, mixed mode, tiered, compressed oops, concurrent mark sweep gc, bsd-amd64)
Heap:
 par new generation   total 314560K, used 224800K [0x00000007c0000000, 0x00000007d5550000, 0x00000007d5550000)
  eden space 279616K,  75% used [0x00000007c0000000, 0x00000007ccd8ade0, 0x00000007d1110000)
  from space 34944K,  40% used [0x00000007d1110000, 0x00000007d1f0d350, 0x00000007d3330000)
  to   space 34944K,   0% used [0x00000007d3330000, 0x00000007d3330000, 0x00000007d5550000)
 concurrent mark-sweep generation total 699072K, used 349045K [0x00000007d5550000, 0x0000000800000000, 0x0000000800000000)
 Metaspace       used 337916K, capacity 349088K, committed 352568K, reserved 1355776K
  class space    used 42317K, capacity 46527K, committed 47604K, reserved 1048576K
GC Heap History (20 events):
Event: 10107.630 GC heap before
{Heap before GC invocations=569 (full 15):
 par new generation   total 39296K, used 39296K [0x00000007c0000000, 0x00000007c2aa0000, 0x00000007d5550000)
  eden space 34944K, 100% used [0x00000007c0000000, 0x00000007c2220000, 0x00000007c2220000)
  from space 4352K, 100% used [0x00000007c2660000, 0x00000007c2aa0000, 0x00000007c2aa0000)
  to   space 4352K,   0% used [0x00000007c2220000, 0x00000007c2220000, 0x00000007c2660000)
 concurrent mark-sweep generation total 699072K, used 579294K [0x00000007d5550000, 0x0000000800000000, 0x0000000800000000)
 Metaspace       used 336574K, capacity 347814K, committed 351160K, reserved 1353728K
  class space    used 42246K, capacity 46449K, committed 47476K, reserved 1048576K
}
Event: 10107.652 GC heap after
{Heap after GC invocations=570 (full 15):
 par new generation   total 39296K, used 4352K [0x00000007c0000000, 0x00000007c2aa0000, 0x00000007d5550000)
  eden space 34944K,   0% used [0x00000007c0000000, 0x00000007c0000000, 0x00000007c2220000)
  from space 4352K, 100% used [0x00000007c2220000, 0x00000007c2660000, 0x00000007c2660000)
  to   space 4352K,   0% used [0x00000007c2660000, 0x00000007c2660000, 0x00000007c2aa0000)
 concurrent mark-sweep generation total 699072K, used 593483K [0x00000007d5550000, 0x0000000800000000, 0x0000000800000000)
 Metaspace       used 336574K, capacity 347814K, committed 351160K, reserved 1353728K
  class space    used 42246K, capacity 46449K, committed 47476K, reserved 1048576K
}
Event: 10107.699 GC heap before
{Heap before GC invocations=570 (full 15):
 par new generation   total 39296K, used 39042K [0x00000007c0000000, 0x00000007c2aa0000, 0x00000007d5550000)
  eden space 34944K,  99% used [0x00000007c0000000, 0x00000007c21e0ae0, 0x00000007c2220000)
  from space 4352K, 100% used [0x00000007c2220000, 0x00000007c2660000, 0x00000007c2660000)
  to   space 4352K,   0% used [0x00000007c2660000, 0x00000007c2660000, 0x00000007c2aa0000)
 concurrent mark-sweep generation total 699072K, used 593483K [0x00000007d5550000, 0x0000000800000000, 0x0000000800000000)
 Metaspace       used 336574K, capacity 347814K, committed 351160K, reserved 1353728K
  class space    used 42246K, capacity 46449K, committed 47476K, reserved 1048576K
}
Event: 10107.715 GC heap after
{Heap after GC invocations=571 (full 15):
 par new generation   total 39296K, used 4352K [0x00000007c0000000, 0x00000007c2aa0000, 0x00000007d5550000)
  eden space 34944K,   0% used [0x00000007c0000000, 0x00000007c0000000, 0x00000007c2220000)
  from space 4352K, 100% used [0x00000007c2660000, 0x00000007c2aa0000, 0x00000007c2aa0000)
  to   space 4352K,   0% used [0x00000007c2220000, 0x00000007c2220000, 0x00000007c2660000)
 concurrent mark-sweep generation total 699072K, used 601444K [0x00000007d5550000, 0x0000000800000000, 0x0000000800000000)
 Metaspace       used 336574K, capacity 347814K, committed 351160K, reserved 1353728K
  class space    used 42246K, capacity 46449K, committed 47476K, reserved 1048576K
}
Event: 10113.446 GC heap before
{Heap before GC invocations=571 (full 16):
 par new generation   total 39296K, used 39296K [0x00000007c0000000, 0x00000007c2aa0000, 0x00000007d5550000)
  eden space 34944K, 100% used [0x00000007c0000000, 0x00000007c2220000, 0x00000007c2220000)
  from space 4352K, 100% used [0x00000007c2660000, 0x00000007c2aa0000, 0x00000007c2aa0000)
  to   space 4352K,   0% used [0x00000007c2220000, 0x00000007c2220000, 0x00000007c2660000)
 concurrent mark-sweep generation total 699072K, used 600655K [0x00000007d5550000, 0x0000000800000000, 0x0000000800000000)
 Metaspace       used 336597K, capacity 347815K, committed 351160K, reserved 1353728K
  class space    used 42246K, capacity 46449K, committed 47476K, reserved 1048576K
}
Event: 10113.467 GC heap after
{Heap after GC invocations=572 (full 16):
 par new generation   total 39296K, used 4352K [0x00000007c0000000, 0x00000007c2aa0000, 0x00000007d5550000)
  eden space 34944K,   0% used [0x00000007c0000000, 0x00000007c0000000, 0x00000007c2220000)
  from space 4352K, 100% used [0x00000007c2220000, 0x00000007c2660000, 0x00000007c2660000)
  to   space 4352K,   0% used [0x00000007c2660000, 0x00000007c2660000, 0x00000007c2aa0000)
 concurrent mark-sweep generation total 699072K, used 614320K [0x00000007d5550000, 0x0000000800000000, 0x0000000800000000)
 Metaspace       used 336597K, capacity 347815K, committed 351160K, reserved 1353728K
  class space    used 42246K, capacity 46449K, committed 47476K, reserved 1048576K
}
Event: 10113.521 GC heap before
{Heap before GC invocations=572 (full 16):
 par new generation   total 39296K, used 38908K [0x00000007c0000000, 0x00000007c2aa0000, 0x00000007d5550000)
  eden space 34944K,  98% used [0x00000007c0000000, 0x00000007c21bf398, 0x00000007c2220000)
  from space 4352K, 100% used [0x00000007c2220000, 0x00000007c2660000, 0x00000007c2660000)
  to   space 4352K,   0% used [0x00000007c2660000, 0x00000007c2660000, 0x00000007c2aa0000)
 concurrent mark-sweep generation total 699072K, used 611289K [0x00000007d5550000, 0x0000000800000000, 0x0000000800000000)
 Metaspace       used 336597K, capacity 347815K, committed 351160K, reserved 1353728K
  class space    used 42246K, capacity 46449K, committed 47476K, reserved 1048576K
}
Event: 10115.064 GC heap after
{Heap after GC invocations=573 (full 17):
 par new generation   total 314560K, used 0K [0x00000007c0000000, 0x00000007d5550000, 0x00000007d5550000)
  eden space 279616K,   0% used [0x00000007c0000000, 0x00000007c0000000, 0x00000007d1110000)
  from space 34944K,   0% used [0x00000007d1110000, 0x00000007d1110000, 0x00000007d3330000)
  to   space 34944K,   0% used [0x00000007d3330000, 0x00000007d3330000, 0x00000007d5550000)
 concurrent mark-sweep generation total 699072K, used 316438K [0x00000007d5550000, 0x0000000800000000, 0x0000000800000000)
 Metaspace       used 336301K, capacity 347368K, committed 351160K, reserved 1353728K
  class space    used 42164K, capacity 46302K, committed 47476K, reserved 1048576K
}
Event: 10180.871 GC heap before
{Heap before GC invocations=573 (full 17):
 par new generation   total 314560K, used 279616K [0x00000007c0000000, 0x00000007d5550000, 0x00000007d5550000)
  eden space 279616K, 100% used [0x00000007c0000000, 0x00000007d1110000, 0x00000007d1110000)
  from space 34944K,   0% used [0x00000007d1110000, 0x00000007d1110000, 0x00000007d3330000)
  to   space 34944K,   0% used [0x00000007d3330000, 0x00000007d3330000, 0x00000007d5550000)
 concurrent mark-sweep generation total 699072K, used 316438K [0x00000007d5550000, 0x0000000800000000, 0x0000000800000000)
 Metaspace       used 336560K, capacity 347622K, committed 351416K, reserved 1353728K
  class space    used 42171K, capacity 46315K, committed 47476K, reserved 1048576K
}
Event: 10180.943 GC heap after
{Heap after GC invocations=574 (full 17):
 par new generation   total 314560K, used 29349K [0x00000007c0000000, 0x00000007d5550000, 0x00000007d5550000)
  eden space 279616K,   0% used [0x00000007c0000000, 0x00000007c0000000, 0x00000007d1110000)
  from space 34944K,  83% used [0x00000007d3330000, 0x00000007d4fd96e8, 0x00000007d5550000)
  to   space 34944K,   0% used [0x00000007d1110000, 0x00000007d1110000, 0x00000007d3330000)
 concurrent mark-sweep generation total 699072K, used 316438K [0x00000007d5550000, 0x0000000800000000, 0x0000000800000000)
 Metaspace       used 336560K, capacity 347622K, committed 351416K, reserved 1353728K
  class space    used 42171K, capacity 46315K, committed 47476K, reserved 1048576K
}
Event: 10194.128 GC heap before
{Heap before GC invocations=574 (full 17):
 par new generation   total 314560K, used 308965K [0x00000007c0000000, 0x00000007d5550000, 0x00000007d5550000)
  eden space 279616K, 100% used [0x00000007c0000000, 0x00000007d1110000, 0x00000007d1110000)
  from space 34944K,  83% used [0x00000007d3330000, 0x00000007d4fd96e8, 0x00000007d5550000)
  to   space 34944K,   0% used [0x00000007d1110000, 0x00000007d1110000, 0x00000007d3330000)
 concurrent mark-sweep generation total 699072K, used 316438K [0x00000007d5550000, 0x0000000800000000, 0x0000000800000000)
 Metaspace       used 337323K, capacity 348557K, committed 352056K, reserved 1353728K
  class space    used 42295K, capacity 46501K, committed 47604K, reserved 1048576K
}
Event: 10194.169 GC heap after
{Heap after GC invocations=575 (full 17):
 par new generation   total 314560K, used 22115K [0x00000007c0000000, 0x00000007d5550000, 0x00000007d5550000)
  eden space 279616K,   0% used [0x00000007c0000000, 0x00000007c0000000, 0x00000007d1110000)
  from space 34944K,  63% used [0x00000007d1110000, 0x00000007d26a8f80, 0x00000007d3330000)
  to   space 34944K,   0% used [0x00000007d3330000, 0x00000007d3330000, 0x00000007d5550000)
 concurrent mark-sweep generation total 699072K, used 346420K [0x00000007d5550000, 0x0000000800000000, 0x0000000800000000)
 Metaspace       used 337323K, capacity 348557K, committed 352056K, reserved 1353728K
  class space    used 42295K, capacity 46501K, committed 47604K, reserved 1048576K
}
Event: 10206.112 GC heap before
{Heap before GC invocations=575 (full 17):
 par new generation   total 314560K, used 301731K [0x00000007c0000000, 0x00000007d5550000, 0x00000007d5550000)
  eden space 279616K, 100% used [0x00000007c0000000, 0x00000007d1110000, 0x00000007d1110000)
  from space 34944K,  63% used [0x00000007d1110000, 0x00000007d26a8f80, 0x00000007d3330000)
  to   space 34944K,   0% used [0x00000007d3330000, 0x00000007d3330000, 0x00000007d5550000)
 concurrent mark-sweep generation total 699072K, used 346420K [0x00000007d5550000, 0x0000000800000000, 0x0000000800000000)
 Metaspace       used 337459K, capacity 348642K, committed 352056K, reserved 1353728K
  class space    used 42300K, capacity 46504K, committed 47604K, reserved 1048576K
}
Event: 10206.125 GC heap after
{Heap after GC invocations=576 (full 17):
 par new generation   total 314560K, used 24653K [0x00000007c0000000, 0x00000007d5550000, 0x00000007d5550000)
  eden space 279616K,   0% used [0x00000007c0000000, 0x00000007c0000000, 0x00000007d1110000)
  from space 34944K,  70% used [0x00000007d3330000, 0x00000007d4b43730, 0x00000007d5550000)
  to   space 34944K,   0% used [0x00000007d1110000, 0x00000007d1110000, 0x00000007d3330000)
 concurrent mark-sweep generation total 699072K, used 346420K [0x00000007d5550000, 0x0000000800000000, 0x0000000800000000)
 Metaspace       used 337459K, capacity 348642K, committed 352056K, reserved 1353728K
  class space    used 42300K, capacity 46504K, committed 47604K, reserved 1048576K
}
Event: 10290.944 GC heap before
{Heap before GC invocations=576 (full 17):
 par new generation   total 314560K, used 304269K [0x00000007c0000000, 0x00000007d5550000, 0x00000007d5550000)
  eden space 279616K, 100% used [0x00000007c0000000, 0x00000007d1110000, 0x00000007d1110000)
  from space 34944K,  70% used [0x00000007d3330000, 0x00000007d4b43730, 0x00000007d5550000)
  to   space 34944K,   0% used [0x00000007d1110000, 0x00000007d1110000, 0x00000007d3330000)
 concurrent mark-sweep generation total 699072K, used 346420K [0x00000007d5550000, 0x0000000800000000, 0x0000000800000000)
 Metaspace       used 337607K, capacity 348802K, committed 352312K, reserved 1353728K
  class space    used 42305K, capacity 46510K, committed 47604K, reserved 1048576K
}
Event: 10290.951 GC heap after
{Heap after GC invocations=577 (full 17):
 par new generation   total 314560K, used 16148K [0x00000007c0000000, 0x00000007d5550000, 0x00000007d5550000)
  eden space 279616K,   0% used [0x00000007c0000000, 0x00000007c0000000, 0x00000007d1110000)
  from space 34944K,  46% used [0x00000007d1110000, 0x00000007d20d5108, 0x00000007d3330000)
  to   space 34944K,   0% used [0x00000007d3330000, 0x00000007d3330000, 0x00000007d5550000)
 concurrent mark-sweep generation total 699072K, used 348259K [0x00000007d5550000, 0x0000000800000000, 0x0000000800000000)
 Metaspace       used 337607K, capacity 348802K, committed 352312K, reserved 1353728K
  class space    used 42305K, capacity 46510K, committed 47604K, reserved 1048576K
}
Event: 10295.644 GC heap before
{Heap before GC invocations=577 (full 17):
 par new generation   total 314560K, used 295764K [0x00000007c0000000, 0x00000007d5550000, 0x00000007d5550000)
  eden space 279616K, 100% used [0x00000007c0000000, 0x00000007d1110000, 0x00000007d1110000)
  from space 34944K,  46% used [0x00000007d1110000, 0x00000007d20d5108, 0x00000007d3330000)
  to   space 34944K,   0% used [0x00000007d3330000, 0x00000007d3330000, 0x00000007d5550000)
 concurrent mark-sweep generation total 699072K, used 348259K [0x00000007d5550000, 0x0000000800000000, 0x0000000800000000)
 Metaspace       used 337689K, capacity 348891K, committed 352312K, reserved 1353728K
  class space    used 42308K, capacity 46516K, committed 47604K, reserved 1048576K
}
Event: 10295.654 GC heap after
{Heap after GC invocations=578 (full 17):
 par new generation   total 314560K, used 20963K [0x00000007c0000000, 0x00000007d5550000, 0x00000007d5550000)
  eden space 279616K,   0% used [0x00000007c0000000, 0x00000007c0000000, 0x00000007d1110000)
  from space 34944K,  59% used [0x00000007d3330000, 0x00000007d47a8e78, 0x00000007d5550000)
  to   space 34944K,   0% used [0x00000007d1110000, 0x00000007d1110000, 0x00000007d3330000)
 concurrent mark-sweep generation total 699072K, used 348259K [0x00000007d5550000, 0x0000000800000000, 0x0000000800000000)
 Metaspace       used 337689K, capacity 348891K, committed 352312K, reserved 1353728K
  class space    used 42308K, capacity 46516K, committed 47604K, reserved 1048576K
}
Event: 10301.455 GC heap before
{Heap before GC invocations=578 (full 17):
 par new generation   total 314560K, used 300496K [0x00000007c0000000, 0x00000007d5550000, 0x00000007d5550000)
  eden space 279616K,  99% used [0x00000007c0000000, 0x00000007d10fb248, 0x00000007d1110000)
  from space 34944K,  59% used [0x00000007d3330000, 0x00000007d47a8e78, 0x00000007d5550000)
  to   space 34944K,   0% used [0x00000007d1110000, 0x00000007d1110000, 0x00000007d3330000)
 concurrent mark-sweep generation total 699072K, used 348259K [0x00000007d5550000, 0x0000000800000000, 0x0000000800000000)
 Metaspace       used 337811K, capacity 348965K, committed 352312K, reserved 1353728K
  class space    used 42310K, capacity 46516K, committed 47604K, reserved 1048576K
}
Event: 10301.494 GC heap after
{Heap after GC invocations=579 (full 17):
 par new generation   total 314560K, used 14324K [0x00000007c0000000, 0x00000007d5550000, 0x00000007d5550000)
  eden space 279616K,   0% used [0x00000007c0000000, 0x00000007c0000000, 0x00000007d1110000)
  from space 34944K,  40% used [0x00000007d1110000, 0x00000007d1f0d350, 0x00000007d3330000)
  to   space 34944K,   0% used [0x00000007d3330000, 0x00000007d3330000, 0x00000007d5550000)
 concurrent mark-sweep generation total 699072K, used 349045K [0x00000007d5550000, 0x0000000800000000, 0x0000000800000000)
 Metaspace       used 337811K, capacity 348965K, committed 352312K, reserved 1353728K
  class space    used 42310K, capacity 46516K, committed 47604K, reserved 1048576K
}

